<?xml version="1.0" encoding="UTF-8"?>
<testsuite name="MainTest" tests="1" skipped="0" failures="0" errors="0" timestamp="2023-04-05T10:30:16" hostname="DESKTOP-GDPN004" time="0.037">
  <properties/>
  <testcase name="assumption()" classname="MainTest" time="0.037"/>
  <system-out><![CDATA[]]></system-out>
  <system-err><![CDATA[]]></system-err>
</testsuite>
